[debug] [2025-06-12T07:01:40.199Z] ----------------------------------------------------------------------
[debug] [2025-06-12T07:01:40.202Z] Command:       /usr/local/bin/firebase /Users/mtfp_3/.cache/firebase/tools/lib/node_modules/firebase-tools/lib/bin/firebase init
[debug] [2025-06-12T07:01:40.202Z] CLI Version:   13.13.3
[debug] [2025-06-12T07:01:40.202Z] Platform:      darwin
[debug] [2025-06-12T07:01:40.202Z] Node Version:  v18.5.0
[debug] [2025-06-12T07:01:40.204Z] Time:          Thu Jun 12 2025 02:01:40 GMT-0500 (Central Daylight Time)
[debug] [2025-06-12T07:01:40.204Z] ----------------------------------------------------------------------
[debug] 
[debug] [2025-06-12T07:01:40.295Z] > command requires scopes: ["email","openid","https://www.googleapis.com/auth/cloudplatformprojects.readonly","https://www.googleapis.com/auth/firebase","https://www.googleapis.com/auth/cloud-platform"]
[debug] [2025-06-12T07:01:40.295Z] > authorizing via signed-in user (marcus.toney.2011@gmail.com)
[info] 
     ######## #### ########  ######## ########     ###     ######  ########
     ##        ##  ##     ## ##       ##     ##  ##   ##  ##       ##
     ######    ##  ########  ######   ########  #########  ######  ######
     ##        ##  ##    ##  ##       ##     ## ##     ##       ## ##
     ##       #### ##     ## ######## ########  ##     ##  ######  ########

You're about to initialize a Firebase project in this directory:

  /Users/mtfp_3

Before we get started, keep in mind:

  * You are initializing within an existing Firebase project directory

[info] 
=== Project Setup
[info] 
[info] First, let's associate this project directory with a Firebase project.
[info] You can create multiple project aliases by running firebase use --add, 
[info] but for now we'll just set up a default project.
[info] 
[debug] [2025-06-12T07:07:45.190Z] Using project from CLI flag: ball-network-web
[debug] [2025-06-12T07:07:45.193Z] >>> [apiv2][query] GET https://firebase.googleapis.com/v1beta1/projects/ball-network-web [none]
[debug] [2025-06-12T07:07:45.945Z] <<< [apiv2][status] GET https://firebase.googleapis.com/v1beta1/projects/ball-network-web 200
[debug] [2025-06-12T07:07:45.945Z] <<< [apiv2][body] GET https://firebase.googleapis.com/v1beta1/projects/ball-network-web {"projectId":"ball-network-web","projectNumber":"740915998465","displayName":"3-ball-network-web","name":"projects/ball-network-web","resources":{"hostingSite":"ball-network-web"},"state":"ACTIVE","etag":"1_e308a344-15a8-4e38-b681-2d0804666eaf"}
[info] i  Using project ball-network-web (3-ball-network-web) 
[info] 
=== Database Setup
[info] i  database: ensuring required API firebasedatabase.googleapis.com is enabled... 
[debug] [2025-06-12T07:07:45.978Z] >>> [apiv2][query] GET https://serviceusage.googleapis.com/v1/projects/ball-network-web/services/firebasedatabase.googleapis.com [none]
[debug] [2025-06-12T07:07:45.978Z] >>> [apiv2][(partial)header] GET https://serviceusage.googleapis.com/v1/projects/ball-network-web/services/firebasedatabase.googleapis.com x-goog-quota-user=projects/ball-network-web
[debug] [2025-06-12T07:07:46.549Z] <<< [apiv2][status] GET https://serviceusage.googleapis.com/v1/projects/ball-network-web/services/firebasedatabase.googleapis.com 200
[debug] [2025-06-12T07:07:46.549Z] <<< [apiv2][body] GET https://serviceusage.googleapis.com/v1/projects/ball-network-web/services/firebasedatabase.googleapis.com [omitted]
[warn] ⚠  database: missing required API firebasedatabase.googleapis.com. Enabling now... 
[debug] [2025-06-12T07:07:46.550Z] >>> [apiv2][query] POST https://serviceusage.googleapis.com/v1/projects/ball-network-web/services/firebasedatabase.googleapis.com:enable [none]
[debug] [2025-06-12T07:07:46.551Z] >>> [apiv2][(partial)header] POST https://serviceusage.googleapis.com/v1/projects/ball-network-web/services/firebasedatabase.googleapis.com:enable x-goog-quota-user=projects/ball-network-web
[debug] [2025-06-12T07:07:47.470Z] <<< [apiv2][status] POST https://serviceusage.googleapis.com/v1/projects/ball-network-web/services/firebasedatabase.googleapis.com:enable 200
[debug] [2025-06-12T07:07:47.470Z] <<< [apiv2][body] POST https://serviceusage.googleapis.com/v1/projects/ball-network-web/services/firebasedatabase.googleapis.com:enable [omitted]
[debug] [2025-06-12T07:07:57.471Z] >>> [apiv2][query] GET https://serviceusage.googleapis.com/v1/projects/ball-network-web/services/firebasedatabase.googleapis.com [none]
[debug] [2025-06-12T07:07:57.471Z] >>> [apiv2][(partial)header] GET https://serviceusage.googleapis.com/v1/projects/ball-network-web/services/firebasedatabase.googleapis.com x-goog-quota-user=projects/ball-network-web
[debug] [2025-06-12T07:07:57.878Z] <<< [apiv2][status] GET https://serviceusage.googleapis.com/v1/projects/ball-network-web/services/firebasedatabase.googleapis.com 200
[debug] [2025-06-12T07:07:57.879Z] <<< [apiv2][body] GET https://serviceusage.googleapis.com/v1/projects/ball-network-web/services/firebasedatabase.googleapis.com [omitted]
[info] ✔  database: required API firebasedatabase.googleapis.com is enabled 
[info] 
[debug] [2025-06-12T07:07:57.887Z] >>> [apiv2][query] GET https://firebase.googleapis.com/v1beta1/projects/ball-network-web [none]
[debug] [2025-06-12T07:07:58.378Z] <<< [apiv2][status] GET https://firebase.googleapis.com/v1beta1/projects/ball-network-web 200
[debug] [2025-06-12T07:07:58.379Z] <<< [apiv2][body] GET https://firebase.googleapis.com/v1beta1/projects/ball-network-web {"projectId":"ball-network-web","projectNumber":"740915998465","displayName":"3-ball-network-web","name":"projects/ball-network-web","resources":{"hostingSite":"ball-network-web"},"state":"ACTIVE","etag":"1_e308a344-15a8-4e38-b681-2d0804666eaf"}
